^C
   PhpMqtt\Client\Exceptions\DataTransferException 

  [65] Transferring data over socket failed: Sending data over the socket failed. Has it been closed?

  at vendor\php-mqtt\client\src\MqttClient.php:1092
    1088â–•         }
    1089â–• 
    1090â–•         if ($result === false || $result !== $length) {
    1091â–•             $this->logger->error('Sending data over the socket to the broker failed.');
  âžœ 1092â–•             throw new DataTransferException(
    1093â–•                 DataTransferException::EXCEPTION_TX_DATA,
    1094â–•                 'Sending data over the socket failed. Has it been closed?'
    1095â–•             );
    1096â–•         }

  1   vendor\php-mqtt\client\src\MqttClient.php:1049
      PhpMqtt\Client\MqttClient::writeToSocket("À\")

  2   vendor\php-mqtt\client\src\MqttClient.php:1022
      PhpMqtt\Client\MqttClient::writeToSocketWithAutoReconnect("À\")


   PhpMqtt\Client\Exceptions\DataTransferException 

  [65] Transferring data over socket failed: Sending data over the socket failed. Has it been closed?

  at vendor\php-mqtt\client\src\MqttClient.php:1092
    1088â–•         }
    1089â–• 
    1090â–•         if ($result === false || $result !== $length) {
    1091â–•             $this->logger->error('Sending data over the socket to the broker failed.');
  âžœ 1092â–•             throw new DataTransferException(
    1093â–•                 DataTransferException::EXCEPTION_TX_DATA,
    1094â–•                 'Sending data over the socket failed. Has it been closed?'
    1095â–•             );
    1096â–•         }

  1   vendor\php-mqtt\client\src\MqttClient.php:1049
      PhpMqtt\Client\MqttClient::writeToSocket("À\")

  2   vendor\php-mqtt\client\src\MqttClient.php:1022
      PhpMqtt\Client\MqttClient::writeToSocketWithAutoReconnect("À\")


   PhpMqtt\Client\Exceptions\DataTransferException 

  [65] Transferring data over socket failed: Sending data over the socket failed. Has it been closed?

  at vendor\php-mqtt\client\src\MqttClient.php:1092
    1088â–•         }
    1089â–• 
    1090â–•         if ($result === false || $result !== $length) {
    1091â–•             $this->logger->error('Sending data over the socket to the broker failed.');
  âžœ 1092â–•             throw new DataTransferException(
    1093â–•                 DataTransferException::EXCEPTION_TX_DATA,
    1094â–•                 'Sending data over the socket failed. Has it been closed?'
    1095â–•             );
    1096â–•         }

  1   vendor\php-mqtt\client\src\MqttClient.php:1049
      PhpMqtt\Client\MqttClient::writeToSocket("À\")

  2   vendor\php-mqtt\client\src\MqttClient.php:1022
      PhpMqtt\Client\MqttClient::writeToSocketWithAutoReconnect("À\")


   PhpMqtt\Client\Exceptions\DataTransferException 

  [65] Transferring data over socket failed: Sending data over the socket failed. Has it been closed?

  at vendor\php-mqtt\client\src\MqttClient.php:1092
    1088â–•         }
    1089â–• 
    1090â–•         if ($result === false || $result !== $length) {
    1091â–•             $this->logger->error('Sending data over the socket to the broker failed.');
  âžœ 1092â–•             throw new DataTransferException(
    1093â–•                 DataTransferException::EXCEPTION_TX_DATA,
    1094â–•                 'Sending data over the socket failed. Has it been closed?'
    1095â–•             );
    1096â–•         }

  1   vendor\php-mqtt\client\src\MqttClient.php:1049
      PhpMqtt\Client\MqttClient::writeToSocket("À\")

  2   vendor\php-mqtt\client\src\MqttClient.php:1022
      PhpMqtt\Client\MqttClient::writeToSocketWithAutoReconnect("À\")

^C
   PhpMqtt\Client\Exceptions\DataTransferException 

  [65] Transferring data over socket failed: Sending data over the socket failed. Has it been closed?

  at vendor\php-mqtt\client\src\MqttClient.php:1092
    1088â–•         }
    1089â–• 
    1090â–•         if ($result === false || $result !== $length) {
    1091â–•             $this->logger->error('Sending data over the socket to the broker failed.');
  âžœ 1092â–•             throw new DataTransferException(
    1093â–•                 DataTransferException::EXCEPTION_TX_DATA,
    1094â–•                 'Sending data over the socket failed. Has it been closed?'
    1095â–•             );
    1096â–•         }

  1   vendor\php-mqtt\client\src\MqttClient.php:1049
      PhpMqtt\Client\MqttClient::writeToSocket("À\")

  2   vendor\php-mqtt\client\src\MqttClient.php:1022
      PhpMqtt\Client\MqttClient::writeToSocketWithAutoReconnect("À\")


   PhpMqtt\Client\Exceptions\DataTransferException 

  [65] Transferring data over socket failed: Sending data over the socket failed. Has it been closed?

  at vendor\php-mqtt\client\src\MqttClient.php:1092
    1088â–•         }
    1089â–• 
    1090â–•         if ($result === false || $result !== $length) {
    1091â–•             $this->logger->error('Sending data over the socket to the broker failed.');
  âžœ 1092â–•             throw new DataTransferException(
    1093â–•                 DataTransferException::EXCEPTION_TX_DATA,
    1094â–•                 'Sending data over the socket failed. Has it been closed?'
    1095â–•             );
    1096â–•         }

  1   vendor\php-mqtt\client\src\MqttClient.php:1049
      PhpMqtt\Client\MqttClient::writeToSocket("À\")

  2   vendor\php-mqtt\client\src\MqttClient.php:1022
      PhpMqtt\Client\MqttClient::writeToSocketWithAutoReconnect("À\")


   PhpMqtt\Client\Exceptions\DataTransferException 

  [65] Transferring data over socket failed: Sending data over the socket failed. Has it been closed?

  at vendor\php-mqtt\client\src\MqttClient.php:1092
    1088â–•         }
    1089â–• 
    1090â–•         if ($result === false || $result !== $length) {
    1091â–•             $this->logger->error('Sending data over the socket to the broker failed.');
  âžœ 1092â–•             throw new DataTransferException(
    1093â–•                 DataTransferException::EXCEPTION_TX_DATA,
    1094â–•                 'Sending data over the socket failed. Has it been closed?'
    1095â–•             );
    1096â–•         }

  1   vendor\php-mqtt\client\src\MqttClient.php:1049
      PhpMqtt\Client\MqttClient::writeToSocket("À\")

  2   vendor\php-mqtt\client\src\MqttClient.php:1022
      PhpMqtt\Client\MqttClient::writeToSocketWithAutoReconnect("À\")


   PhpMqtt\Client\Exceptions\DataTransferException 

  [65] Transferring data over socket failed: Sending data over the socket failed. Has it been closed?

  at vendor\php-mqtt\client\src\MqttClient.php:1092
    1088â–•         }
    1089â–• 
    1090â–•         if ($result === false || $result !== $length) {
    1091â–•             $this->logger->error('Sending data over the socket to the broker failed.');
  âžœ 1092â–•             throw new DataTransferException(
    1093â–•                 DataTransferException::EXCEPTION_TX_DATA,
    1094â–•                 'Sending data over the socket failed. Has it been closed?'
    1095â–•             );
    1096â–•         }

  1   vendor\php-mqtt\client\src\MqttClient.php:1049
      PhpMqtt\Client\MqttClient::writeToSocket("À\")

  2   vendor\php-mqtt\client\src\MqttClient.php:1022
      PhpMqtt\Client\MqttClient::writeToSocketWithAutoReconnect("À\")


   PhpMqtt\Client\Exceptions\DataTransferException 

  [65] Transferring data over socket failed: Sending data over the socket failed. Has it been closed?

  at vendor\php-mqtt\client\src\MqttClient.php:1092
    1088â–•         }
    1089â–• 
    1090â–•         if ($result === false || $result !== $length) {
    1091â–•             $this->logger->error('Sending data over the socket to the broker failed.');
  âžœ 1092â–•             throw new DataTransferException(
    1093â–•                 DataTransferException::EXCEPTION_TX_DATA,
    1094â–•                 'Sending data over the socket failed. Has it been closed?'
    1095â–•             );
    1096â–•         }

  1   vendor\php-mqtt\client\src\MqttClient.php:1049
      PhpMqtt\Client\MqttClient::writeToSocket("À\")

  2   vendor\php-mqtt\client\src\MqttClient.php:1022
      PhpMqtt\Client\MqttClient::writeToSocketWithAutoReconnect("À\")


   PhpMqtt\Client\Exceptions\DataTransferException 

  [65] Transferring data over socket failed: Sending data over the socket failed. Has it been closed?

  at vendor\php-mqtt\client\src\MqttClient.php:1092
    1088â–•         }
    1089â–• 
    1090â–•         if ($result === false || $result !== $length) {
    1091â–•             $this->logger->error('Sending data over the socket to the broker failed.');
  âžœ 1092â–•             throw new DataTransferException(
    1093â–•                 DataTransferException::EXCEPTION_TX_DATA,
    1094â–•                 'Sending data over the socket failed. Has it been closed?'
    1095â–•             );
    1096â–•         }

  1   vendor\php-mqtt\client\src\MqttClient.php:1049
      PhpMqtt\Client\MqttClient::writeToSocket("À\")

  2   vendor\php-mqtt\client\src\MqttClient.php:1022
      PhpMqtt\Client\MqttClient::writeToSocketWithAutoReconnect("À\")


   PhpMqtt\Client\Exceptions\DataTransferException 

  [65] Transferring data over socket failed: Sending data over the socket failed. Has it been closed?

  at vendor\php-mqtt\client\src\MqttClient.php:1092
    1088â–•         }
    1089â–• 
    1090â–•         if ($result === false || $result !== $length) {
    1091â–•             $this->logger->error('Sending data over the socket to the broker failed.');
  âžœ 1092â–•             throw new DataTransferException(
    1093â–•                 DataTransferException::EXCEPTION_TX_DATA,
    1094â–•                 'Sending data over the socket failed. Has it been closed?'
    1095â–•             );
    1096â–•         }

  1   vendor\php-mqtt\client\src\MqttClient.php:1049
      PhpMqtt\Client\MqttClient::writeToSocket("À\")

  2   vendor\php-mqtt\client\src\MqttClient.php:1022
      PhpMqtt\Client\MqttClient::writeToSocketWithAutoReconnect("À\")


   PhpMqtt\Client\Exceptions\DataTransferException 

  [65] Transferring data over socket failed: Sending data over the socket failed. Has it been closed?

  at vendor\php-mqtt\client\src\MqttClient.php:1092
    1088â–•         }
    1089â–• 
    1090â–•         if ($result === false || $result !== $length) {
    1091â–•             $this->logger->error('Sending data over the socket to the broker failed.');
  âžœ 1092â–•             throw new DataTransferException(
    1093â–•                 DataTransferException::EXCEPTION_TX_DATA,
    1094â–•                 'Sending data over the socket failed. Has it been closed?'
    1095â–•             );
    1096â–•         }

  1   vendor\php-mqtt\client\src\MqttClient.php:1049
      PhpMqtt\Client\MqttClient::writeToSocket("À\")

  2   vendor\php-mqtt\client\src\MqttClient.php:1022
      PhpMqtt\Client\MqttClient::writeToSocketWithAutoReconnect("À\")


   PhpMqtt\Client\Exceptions\DataTransferException 

  [65] Transferring data over socket failed: Sending data over the socket failed. Has it been closed?

  at vendor\php-mqtt\client\src\MqttClient.php:1092
    1088â–•         }
    1089â–• 
    1090â–•         if ($result === false || $result !== $length) {
    1091â–•             $this->logger->error('Sending data over the socket to the broker failed.');
  âžœ 1092â–•             throw new DataTransferException(
    1093â–•                 DataTransferException::EXCEPTION_TX_DATA,
    1094â–•                 'Sending data over the socket failed. Has it been closed?'
    1095â–•             );
    1096â–•         }

  1   vendor\php-mqtt\client\src\MqttClient.php:1049
      PhpMqtt\Client\MqttClient::writeToSocket("À\")

  2   vendor\php-mqtt\client\src\MqttClient.php:1022
      PhpMqtt\Client\MqttClient::writeToSocketWithAutoReconnect("À\")


   PhpMqtt\Client\Exceptions\DataTransferException 

  [65] Transferring data over socket failed: Sending data over the socket failed. Has it been closed?

  at vendor\php-mqtt\client\src\MqttClient.php:1092
    1088â–•         }
    1089â–• 
    1090â–•         if ($result === false || $result !== $length) {
    1091â–•             $this->logger->error('Sending data over the socket to the broker failed.');
  âžœ 1092â–•             throw new DataTransferException(
    1093â–•                 DataTransferException::EXCEPTION_TX_DATA,
    1094â–•                 'Sending data over the socket failed. Has it been closed?'
    1095â–•             );
    1096â–•         }

  1   vendor\php-mqtt\client\src\MqttClient.php:1049
      PhpMqtt\Client\MqttClient::writeToSocket("À\")

  2   vendor\php-mqtt\client\src\MqttClient.php:1022
      PhpMqtt\Client\MqttClient::writeToSocketWithAutoReconnect("À\")


   PhpMqtt\Client\Exceptions\DataTransferException 

  [65] Transferring data over socket failed: Sending data over the socket failed. Has it been closed?

  at vendor\php-mqtt\client\src\MqttClient.php:1092
    1088â–•         }
    1089â–• 
    1090â–•         if ($result === false || $result !== $length) {
    1091â–•             $this->logger->error('Sending data over the socket to the broker failed.');
  âžœ 1092â–•             throw new DataTransferException(
    1093â–•                 DataTransferException::EXCEPTION_TX_DATA,
    1094â–•                 'Sending data over the socket failed. Has it been closed?'
    1095â–•             );
    1096â–•         }

  1   vendor\php-mqtt\client\src\MqttClient.php:1049
      PhpMqtt\Client\MqttClient::writeToSocket("À\")

  2   vendor\php-mqtt\client\src\MqttClient.php:1022
      PhpMqtt\Client\MqttClient::writeToSocketWithAutoReconnect("À\")

